[2024-12-30 12:27:45,175] INFO 2024-12-30 12:27:45,175 logging_utils Calling process_this
[2024-12-30 12:27:45,183] INFO 2024-12-30 12:27:45,183 logging_utils process_this took 0.0082 seconds.
[2024-12-30 12:35:17,320] ERROR 2024-12-30 12:35:17,320 views Error in FileUploadView.post: name 'uuid' is not defined
[2024-12-30 12:36:11,208] INFO 2024-12-30 12:36:11,208 logging_utils Calling process_this
[2024-12-30 12:36:11,216] INFO 2024-12-30 12:36:11,216 logging_utils process_this took 0.0080 seconds.
[2024-12-30 15:54:59,822] INFO 2024-12-30 15:54:59,822 logging_utils Calling process_this
[2024-12-30 15:54:59,841] INFO 2024-12-30 15:54:59,841 logging_utils process_this took 0.0190 seconds.
[2024-12-30 17:10:42,486] INFO 2024-12-30 17:10:42,486 logging_utils Calling process_this
[2024-12-30 17:10:42,501] INFO 2024-12-30 17:10:42,501 logging_utils process_this took 0.0140 seconds.
[2024-12-31 07:19:05,507] INFO 2024-12-31 07:19:05,507 logging_utils Calling FileUploadView.post
[2024-12-31 07:19:05,525] INFO 2024-12-31 07:19:05,525 logging_utils FileUploadView.post took 0.0174 seconds.
[2024-12-31 07:19:07,699] INFO 2024-12-31 07:19:07,699 logging_utils Calling UserInfoView.get
[2024-12-31 07:19:07,700] INFO 2024-12-31 07:19:07,700 logging_utils UserInfoView.get took 0.0010 seconds.
[2024-12-31 07:19:07,707] INFO 2024-12-31 07:19:07,707 logging_utils Calling FileUploadView.put
[2024-12-31 07:19:07,709] INFO 2024-12-31 07:19:07,709 logging_utils Calling process_this
[2024-12-31 07:19:07,748] INFO 2024-12-31 07:19:07,748 logging_utils process_this took 0.0398 seconds.
[2024-12-31 07:19:07,750] INFO 2024-12-31 07:19:07,750 logging_utils FileUploadView.put took 0.0431 seconds.
[2024-12-31 07:19:49,199] INFO 2024-12-31 07:19:49,199 logging_utils Calling FileUploadView.post
[2024-12-31 07:19:49,206] INFO 2024-12-31 07:19:49,206 logging_utils FileUploadView.post took 0.0069 seconds.
[2024-12-31 07:19:50,306] INFO 2024-12-31 07:19:50,306 logging_utils Calling UserInfoView.get
[2024-12-31 07:19:50,307] INFO 2024-12-31 07:19:50,307 logging_utils UserInfoView.get took 0.0010 seconds.
[2024-12-31 07:19:50,316] INFO 2024-12-31 07:19:50,316 logging_utils Calling FileUploadView.put
[2024-12-31 07:19:50,317] INFO 2024-12-31 07:19:50,317 logging_utils Calling process_this
[2024-12-31 07:19:50,323] INFO 2024-12-31 07:19:50,323 logging_utils process_this took 0.0060 seconds.
[2024-12-31 07:19:50,324] INFO 2024-12-31 07:19:50,324 logging_utils FileUploadView.put took 0.0080 seconds.
[2024-12-31 07:43:46,451] INFO 2024-12-31 07:43:46,451 logging_utils Calling FileUploadView.post
[2024-12-31 07:43:46,458] INFO 2024-12-31 07:43:46,458 logging_utils FileUploadView.post took 0.0076 seconds.
[2024-12-31 07:43:47,408] INFO 2024-12-31 07:43:47,408 logging_utils Calling UserInfoView.get
[2024-12-31 07:43:47,409] INFO 2024-12-31 07:43:47,409 logging_utils UserInfoView.get took 0.0010 seconds.
[2024-12-31 07:43:47,417] INFO 2024-12-31 07:43:47,417 logging_utils Calling FileUploadView.put
[2024-12-31 07:43:47,418] INFO 2024-12-31 07:43:47,418 logging_utils Calling process_this
[2024-12-31 07:43:47,424] INFO 2024-12-31 07:43:47,424 logging_utils process_this took 0.0060 seconds.
[2024-12-31 07:43:47,424] INFO 2024-12-31 07:43:47,424 logging_utils FileUploadView.put took 0.0070 seconds.
[2024-12-31 07:45:23,186] INFO 2024-12-31 07:45:23,186 logging_utils Calling FileUploadView.post
[2024-12-31 07:45:23,199] INFO 2024-12-31 07:45:23,199 logging_utils FileUploadView.post took 0.0134 seconds.
[2024-12-31 07:45:25,825] INFO 2024-12-31 07:45:25,825 logging_utils Calling UserInfoView.get
[2024-12-31 07:45:25,825] INFO 2024-12-31 07:45:25,825 logging_utils UserInfoView.get took 0.0000 seconds.
[2024-12-31 07:45:25,834] INFO 2024-12-31 07:45:25,834 logging_utils Calling FileUploadView.put
[2024-12-31 07:45:25,836] INFO 2024-12-31 07:45:25,836 logging_utils Calling process_this
[2024-12-31 07:45:25,846] INFO 2024-12-31 07:45:25,846 logging_utils process_this took 0.0103 seconds.
[2024-12-31 07:45:25,847] INFO 2024-12-31 07:45:25,847 logging_utils FileUploadView.put took 0.0133 seconds.
[2024-12-31 07:49:19,698] INFO 2024-12-31 07:49:19,698 logging_utils Calling FileUploadView.post
[2024-12-31 07:49:19,711] INFO 2024-12-31 07:49:19,711 logging_utils FileUploadView.post took 0.0127 seconds.
[2024-12-31 07:49:43,301] INFO 2024-12-31 07:49:43,301 logging_utils Calling FileUploadView.post
[2024-12-31 07:49:43,309] INFO 2024-12-31 07:49:43,309 logging_utils FileUploadView.post took 0.0080 seconds.
[2024-12-31 07:50:31,616] INFO 2024-12-31 07:50:31,616 logging_utils Calling FileUploadView.post
[2024-12-31 07:50:31,628] INFO 2024-12-31 07:50:31,628 logging_utils FileUploadView.post took 0.0125 seconds.
[2024-12-31 07:50:33,624] INFO 2024-12-31 07:50:33,624 logging_utils Calling UserInfoView.get
[2024-12-31 07:50:33,624] INFO 2024-12-31 07:50:33,624 logging_utils UserInfoView.get took 0.0000 seconds.
[2024-12-31 07:50:33,633] INFO 2024-12-31 07:50:33,633 logging_utils Calling FileUploadView.put
[2024-12-31 07:50:33,634] INFO 2024-12-31 07:50:33,634 logging_utils Calling process_this
[2024-12-31 07:50:33,639] INFO 2024-12-31 07:50:33,639 logging_utils process_this took 0.0050 seconds.
[2024-12-31 07:50:33,640] INFO 2024-12-31 07:50:33,640 logging_utils FileUploadView.put took 0.0070 seconds.
[2024-12-31 07:50:42,590] INFO 2024-12-31 07:50:42,590 logging_utils Calling FileUploadView.get
[2024-12-31 07:50:42,593] INFO 2024-12-31 07:50:42,593 logging_utils FileUploadView.get took 0.0029 seconds.
[2024-12-31 12:00:11,457] INFO 2024-12-31 12:00:11,457 logging_utils Calling FileUploadView.post
[2024-12-31 12:00:11,474] INFO 2024-12-31 12:00:11,474 logging_utils FileUploadView.post took 0.0169 seconds.
[2024-12-31 12:00:12,414] INFO 2024-12-31 12:00:12,414 logging_utils Calling UserInfoView.get
[2024-12-31 12:00:12,415] INFO 2024-12-31 12:00:12,415 logging_utils UserInfoView.get took 0.0010 seconds.
[2024-12-31 12:00:12,423] INFO 2024-12-31 12:00:12,423 logging_utils Calling FileUploadView.put
[2024-12-31 12:00:12,425] INFO 2024-12-31 12:00:12,425 logging_utils Calling process_this
[2024-12-31 12:00:12,435] INFO 2024-12-31 12:00:12,435 logging_utils process_this took 0.0101 seconds.
[2024-12-31 12:00:12,436] INFO 2024-12-31 12:00:12,436 logging_utils FileUploadView.put took 0.0131 seconds.
[2024-12-31 12:00:13,419] INFO 2024-12-31 12:00:13,419 logging_utils Calling FileUploadView.get
[2024-12-31 12:00:13,430] INFO 2024-12-31 12:00:13,430 logging_utils FileUploadView.get took 0.0110 seconds.
[2024-12-31 12:00:39,586] INFO 2024-12-31 12:00:39,586 logging_utils Calling SignupView.post
[2024-12-31 12:00:40,295] INFO 2024-12-31 12:00:40,295 logging_utils SignupView.post took 0.7091 seconds.
[2024-12-31 12:01:06,151] INFO 2024-12-31 12:01:06,151 logging_utils Calling FileUploadView.post
[2024-12-31 12:01:06,161] INFO 2024-12-31 12:01:06,161 logging_utils FileUploadView.post took 0.0102 seconds.
[2024-12-31 12:01:11,213] INFO 2024-12-31 12:01:11,213 logging_utils Calling UserInfoView.get
[2024-12-31 12:01:11,213] INFO 2024-12-31 12:01:11,213 logging_utils UserInfoView.get took 0.0000 seconds.
[2024-12-31 12:01:11,221] INFO 2024-12-31 12:01:11,221 logging_utils Calling FileUploadView.put
[2024-12-31 12:01:11,222] INFO 2024-12-31 12:01:11,222 logging_utils Calling process_this
[2024-12-31 12:01:11,228] INFO 2024-12-31 12:01:11,228 logging_utils process_this took 0.0060 seconds.
[2024-12-31 12:01:11,228] INFO 2024-12-31 12:01:11,228 logging_utils FileUploadView.put took 0.0070 seconds.
[2024-12-31 12:27:36,723] INFO 2024-12-31 12:27:36,723 logging_utils Calling LoginView.post
[2024-12-31 12:27:37,558] INFO 2024-12-31 12:27:37,558 logging_utils LoginView.post took 0.8343 seconds.
[2024-12-31 12:28:10,128] INFO 2024-12-31 12:28:10,128 logging_utils Calling FileUploadView.post
[2024-12-31 12:28:10,143] INFO 2024-12-31 12:28:10,143 logging_utils FileUploadView.post took 0.0149 seconds.
[2024-12-31 12:28:12,032] INFO 2024-12-31 12:28:12,032 logging_utils Calling UserInfoView.get
[2024-12-31 12:28:12,033] INFO 2024-12-31 12:28:12,033 logging_utils UserInfoView.get took 0.0010 seconds.
[2024-12-31 12:28:12,041] INFO 2024-12-31 12:28:12,041 logging_utils Calling FileUploadView.put
[2024-12-31 12:28:12,042] INFO 2024-12-31 12:28:12,042 logging_utils Calling process_this
[2024-12-31 12:28:12,089] INFO 2024-12-31 12:28:12,089 logging_utils process_this took 0.0466 seconds.
[2024-12-31 12:28:12,090] INFO 2024-12-31 12:28:12,090 logging_utils FileUploadView.put took 0.0486 seconds.
[2024-12-31 12:28:27,331] INFO 2024-12-31 12:28:27,331 logging_utils Calling FileUploadView.get
[2024-12-31 12:28:27,400] INFO 2024-12-31 12:28:27,400 logging_utils FileUploadView.get took 0.0686 seconds.
[2024-12-31 12:29:42,203] INFO 2024-12-31 12:29:42,203 logging_utils Calling LoginView.post
[2024-12-31 12:29:42,928] INFO 2024-12-31 12:29:42,928 logging_utils LoginView.post took 0.7250 seconds.
[2024-12-31 12:30:25,643] INFO 2024-12-31 12:30:25,643 logging_utils Calling LoginView.post
[2024-12-31 12:30:26,338] INFO 2024-12-31 12:30:26,338 logging_utils LoginView.post took 0.6951 seconds.
[2024-12-31 12:30:45,676] INFO 2024-12-31 12:30:45,676 logging_utils Calling FileUploadView.post
[2024-12-31 12:30:45,689] INFO 2024-12-31 12:30:45,689 logging_utils FileUploadView.post took 0.0131 seconds.
[2024-12-31 12:30:46,527] INFO 2024-12-31 12:30:46,527 logging_utils Calling UserInfoView.get
[2024-12-31 12:30:46,527] INFO 2024-12-31 12:30:46,527 logging_utils UserInfoView.get took 0.0000 seconds.
[2024-12-31 12:30:46,535] INFO 2024-12-31 12:30:46,535 logging_utils Calling FileUploadView.put
[2024-12-31 12:30:46,537] INFO 2024-12-31 12:30:46,537 logging_utils Calling process_this
[2024-12-31 12:30:46,544] INFO 2024-12-31 12:30:46,544 logging_utils process_this took 0.0070 seconds.
[2024-12-31 12:30:46,545] INFO 2024-12-31 12:30:46,545 logging_utils FileUploadView.put took 0.0100 seconds.
[2024-12-31 12:34:49,568] INFO 2024-12-31 12:34:49,568 logging_utils Calling LoginView.post
[2024-12-31 12:34:50,161] INFO 2024-12-31 12:34:50,161 logging_utils LoginView.post took 0.5928 seconds.
[2024-12-31 12:34:56,900] INFO 2024-12-31 12:34:56,900 logging_utils Calling FileUploadView.post
[2024-12-31 12:34:56,914] INFO 2024-12-31 12:34:56,914 logging_utils FileUploadView.post took 0.0144 seconds.
[2024-12-31 12:34:57,370] INFO 2024-12-31 12:34:57,370 logging_utils Calling UserInfoView.get
[2024-12-31 12:34:57,370] INFO 2024-12-31 12:34:57,370 logging_utils UserInfoView.get took 0.0000 seconds.
[2024-12-31 12:34:57,377] INFO 2024-12-31 12:34:57,377 logging_utils Calling FileUploadView.put
[2024-12-31 12:34:57,379] INFO 2024-12-31 12:34:57,379 logging_utils Calling process_this
[2024-12-31 12:34:57,385] INFO 2024-12-31 12:34:57,385 logging_utils process_this took 0.0068 seconds.
[2024-12-31 12:34:57,386] INFO 2024-12-31 12:34:57,386 logging_utils FileUploadView.put took 0.0099 seconds.
[2024-12-31 12:34:59,353] INFO 2024-12-31 12:34:59,353 logging_utils Calling FileUploadView.get
[2024-12-31 12:34:59,355] INFO 2024-12-31 12:34:59,355 logging_utils FileUploadView.get took 0.0020 seconds.
[2024-12-31 12:35:27,997] INFO 2024-12-31 12:35:27,997 logging_utils Calling LoginView.post
[2024-12-31 12:35:28,718] INFO 2024-12-31 12:35:28,718 logging_utils LoginView.post took 0.7207 seconds.
[2024-12-31 12:35:37,814] INFO 2024-12-31 12:35:37,814 logging_utils Calling FileUploadView.post
[2024-12-31 12:35:37,827] INFO 2024-12-31 12:35:37,827 logging_utils FileUploadView.post took 0.0130 seconds.
[2024-12-31 12:35:39,027] INFO 2024-12-31 12:35:39,027 logging_utils Calling UserInfoView.get
[2024-12-31 12:35:39,028] INFO 2024-12-31 12:35:39,028 logging_utils UserInfoView.get took 0.0009 seconds.
[2024-12-31 12:35:39,036] INFO 2024-12-31 12:35:39,036 logging_utils Calling FileUploadView.put
[2024-12-31 12:35:39,038] INFO 2024-12-31 12:35:39,038 logging_utils Calling process_this
[2024-12-31 12:35:39,044] INFO 2024-12-31 12:35:39,044 logging_utils process_this took 0.0060 seconds.
[2024-12-31 12:35:39,046] INFO 2024-12-31 12:35:39,046 logging_utils FileUploadView.put took 0.0100 seconds.
[2024-12-31 12:39:00,197] INFO 2024-12-31 12:39:00,197 logging_utils Calling UserInfoView.get
[2024-12-31 12:39:00,198] INFO 2024-12-31 12:39:00,198 logging_utils UserInfoView.get took 0.0010 seconds.
[2024-12-31 12:39:45,737] INFO 2024-12-31 12:39:45,737 logging_utils Calling LoginView.post
[2024-12-31 12:39:46,346] INFO 2024-12-31 12:39:46,346 logging_utils LoginView.post took 0.6096 seconds.
[2024-12-31 12:39:46,365] INFO 2024-12-31 12:39:46,365 logging_utils Calling UserInfoView.get
[2024-12-31 12:39:46,365] INFO 2024-12-31 12:39:46,365 logging_utils UserInfoView.get took 0.0000 seconds.
[2024-12-31 12:40:04,393] INFO 2024-12-31 12:40:04,393 logging_utils Calling LoginView.post
[2024-12-31 12:40:05,138] INFO 2024-12-31 12:40:05,138 logging_utils LoginView.post took 0.7445 seconds.
[2024-12-31 12:40:05,157] INFO 2024-12-31 12:40:05,157 logging_utils Calling UserInfoView.get
[2024-12-31 12:40:05,158] INFO 2024-12-31 12:40:05,158 logging_utils UserInfoView.get took 0.0010 seconds.
[2024-12-31 12:46:24,289] INFO 2024-12-31 12:46:24,289 logging_utils Calling LoginView.post
[2024-12-31 12:46:24,911] INFO 2024-12-31 12:46:24,911 logging_utils LoginView.post took 0.6216 seconds.
[2024-12-31 12:46:24,934] INFO 2024-12-31 12:46:24,934 logging_utils Calling UserInfoView.get
[2024-12-31 12:46:24,934] INFO 2024-12-31 12:46:24,934 logging_utils UserInfoView.get took 0.0000 seconds.
[2024-12-31 12:47:20,537] INFO 2024-12-31 12:47:20,537 logging_utils Calling LoginView.post
[2024-12-31 12:47:21,377] INFO 2024-12-31 12:47:21,377 logging_utils LoginView.post took 0.8414 seconds.
[2024-12-31 12:47:21,397] INFO 2024-12-31 12:47:21,397 logging_utils Calling UserInfoView.get
[2024-12-31 12:47:21,397] INFO 2024-12-31 12:47:21,397 logging_utils UserInfoView.get took 0.0000 seconds.
[2024-12-31 12:47:38,605] INFO 2024-12-31 12:47:38,605 logging_utils Calling FileUploadView.post
[2024-12-31 12:47:38,620] INFO 2024-12-31 12:47:38,620 logging_utils FileUploadView.post took 0.0148 seconds.
[2024-12-31 12:47:40,675] INFO 2024-12-31 12:47:40,675 logging_utils Calling UserInfoView.get
[2024-12-31 12:47:40,676] INFO 2024-12-31 12:47:40,676 logging_utils UserInfoView.get took 0.0010 seconds.
[2024-12-31 12:47:40,686] INFO 2024-12-31 12:47:40,686 logging_utils Calling FileUploadView.put
[2024-12-31 12:47:40,687] INFO 2024-12-31 12:47:40,687 logging_utils Calling process_this
[2024-12-31 12:47:40,699] INFO 2024-12-31 12:47:40,699 logging_utils process_this took 0.0114 seconds.
[2024-12-31 12:47:40,700] INFO 2024-12-31 12:47:40,700 logging_utils FileUploadView.put took 0.0137 seconds.
[2024-12-31 12:47:43,938] INFO 2024-12-31 12:47:43,938 logging_utils Calling FileUploadView.get
[2024-12-31 12:47:44,005] INFO 2024-12-31 12:47:44,005 logging_utils FileUploadView.get took 0.0669 seconds.
[2024-12-31 12:48:46,459] INFO 2024-12-31 12:48:46,459 logging_utils Calling LoginView.post
[2024-12-31 12:48:47,191] INFO 2024-12-31 12:48:47,191 logging_utils LoginView.post took 0.7319 seconds.
[2024-12-31 12:48:47,210] INFO 2024-12-31 12:48:47,210 logging_utils Calling UserInfoView.get
[2024-12-31 12:48:47,211] INFO 2024-12-31 12:48:47,211 logging_utils UserInfoView.get took 0.0015 seconds.
[2024-12-31 12:49:50,980] INFO 2024-12-31 12:49:50,980 logging_utils Calling LoginView.post
[2024-12-31 12:49:51,728] INFO 2024-12-31 12:49:51,728 logging_utils LoginView.post took 0.7473 seconds.
[2024-12-31 12:49:51,752] INFO 2024-12-31 12:49:51,752 logging_utils Calling UserInfoView.get
[2024-12-31 12:49:51,753] INFO 2024-12-31 12:49:51,753 views username: Phil405@gmail.com
[2024-12-31 12:49:51,754] INFO 2024-12-31 12:49:51,754 views email: Phil405@gmail.com
[2024-12-31 12:49:51,754] INFO 2024-12-31 12:49:51,754 logging_utils UserInfoView.get took 0.0020 seconds.
[2024-12-31 12:50:15,131] INFO 2024-12-31 12:50:15,131 logging_utils Calling FileUploadView.post
[2024-12-31 12:50:15,144] INFO 2024-12-31 12:50:15,144 logging_utils FileUploadView.post took 0.0129 seconds.
[2024-12-31 12:50:16,395] INFO 2024-12-31 12:50:16,395 logging_utils Calling UserInfoView.get
[2024-12-31 12:50:16,395] INFO 2024-12-31 12:50:16,395 views username: Phil405@gmail.com
[2024-12-31 12:50:16,396] INFO 2024-12-31 12:50:16,396 views email: Phil405@gmail.com
[2024-12-31 12:50:16,396] INFO 2024-12-31 12:50:16,396 logging_utils UserInfoView.get took 0.0010 seconds.
[2024-12-31 12:50:16,404] INFO 2024-12-31 12:50:16,404 logging_utils Calling FileUploadView.put
[2024-12-31 12:50:16,406] INFO 2024-12-31 12:50:16,406 logging_utils Calling process_this
[2024-12-31 12:50:16,419] INFO 2024-12-31 12:50:16,419 logging_utils process_this took 0.0137 seconds.
[2024-12-31 12:50:16,419] INFO 2024-12-31 12:50:16,419 logging_utils FileUploadView.put took 0.0157 seconds.
[2024-12-31 12:50:17,427] INFO 2024-12-31 12:50:17,427 logging_utils Calling FileUploadView.get
[2024-12-31 12:50:17,496] INFO 2024-12-31 12:50:17,496 logging_utils FileUploadView.get took 0.0686 seconds.
[2024-12-31 12:50:39,883] INFO 2024-12-31 12:50:39,883 logging_utils Calling LoginView.post
[2024-12-31 12:50:41,247] INFO 2024-12-31 12:50:41,247 logging_utils LoginView.post took 1.3641 seconds.
[2024-12-31 12:50:46,973] INFO 2024-12-31 12:50:46,973 logging_utils Calling LoginView.post
[2024-12-31 12:50:47,689] INFO 2024-12-31 12:50:47,689 logging_utils LoginView.post took 0.7156 seconds.
[2024-12-31 12:50:47,708] INFO 2024-12-31 12:50:47,708 logging_utils Calling UserInfoView.get
[2024-12-31 12:50:47,709] INFO 2024-12-31 12:50:47,709 views username: test@exa.com
[2024-12-31 12:50:47,709] INFO 2024-12-31 12:50:47,709 views email: test@exa.com
[2024-12-31 12:50:47,709] INFO 2024-12-31 12:50:47,709 logging_utils UserInfoView.get took 0.0010 seconds.
[2024-12-31 12:52:43,768] INFO 2024-12-31 12:52:43,768 logging_utils Calling LoginView.post
[2024-12-31 12:52:44,315] INFO 2024-12-31 12:52:44,315 logging_utils LoginView.post took 0.5471 seconds.
[2024-12-31 12:52:44,335] INFO 2024-12-31 12:52:44,335 logging_utils Calling UserInfoView.get
[2024-12-31 12:52:44,336] INFO 2024-12-31 12:52:44,336 views username: Phil405@gmail.com
[2024-12-31 12:52:44,336] INFO 2024-12-31 12:52:44,336 views email: Phil405@gmail.com
[2024-12-31 12:52:44,337] INFO 2024-12-31 12:52:44,337 logging_utils UserInfoView.get took 0.0020 seconds.
[2024-12-31 12:54:19,719] INFO 2024-12-31 12:54:19,719 logging_utils Calling LoginView.post
[2024-12-31 12:54:20,334] INFO 2024-12-31 12:54:20,334 logging_utils LoginView.post took 0.6157 seconds.
[2024-12-31 12:54:20,355] INFO 2024-12-31 12:54:20,355 logging_utils Calling UserInfoView.get
[2024-12-31 12:54:20,355] INFO 2024-12-31 12:54:20,355 views username: test@exa.com
[2024-12-31 12:54:20,356] INFO 2024-12-31 12:54:20,356 views email: test@exa.com
[2024-12-31 12:54:20,356] INFO 2024-12-31 12:54:20,356 logging_utils UserInfoView.get took 0.0010 seconds.
[2024-12-31 12:55:52,012] INFO 2024-12-31 12:55:52,012 logging_utils Calling LoginView.post
[2024-12-31 12:55:52,596] INFO 2024-12-31 12:55:52,596 logging_utils LoginView.post took 0.5839 seconds.
[2024-12-31 12:55:52,616] INFO 2024-12-31 12:55:52,616 logging_utils Calling UserInfoView.get
[2024-12-31 12:55:52,616] INFO 2024-12-31 12:55:52,616 views username: Phil405@gmail.com
[2024-12-31 12:55:52,616] INFO 2024-12-31 12:55:52,616 views email: Phil405@gmail.com
[2024-12-31 12:55:52,617] INFO 2024-12-31 12:55:52,617 logging_utils UserInfoView.get took 0.0023 seconds.
[2024-12-31 12:57:59,759] INFO 2024-12-31 12:57:59,759 logging_utils Calling LoginView.post
[2024-12-31 12:58:00,343] INFO 2024-12-31 12:58:00,343 logging_utils LoginView.post took 0.5837 seconds.
[2024-12-31 12:58:00,363] INFO 2024-12-31 12:58:00,363 logging_utils Calling UserInfoView.get
[2024-12-31 12:58:00,363] INFO 2024-12-31 12:58:00,363 views username: Phil405@gmail.com
[2024-12-31 12:58:00,364] INFO 2024-12-31 12:58:00,364 views email: Phil405@gmail.com
[2024-12-31 12:58:00,364] INFO 2024-12-31 12:58:00,364 logging_utils UserInfoView.get took 0.0010 seconds.
[2024-12-31 13:02:31,726] INFO 2024-12-31 13:02:31,726 logging_utils Calling LoginView.post
[2024-12-31 13:02:32,256] INFO 2024-12-31 13:02:32,256 logging_utils LoginView.post took 0.5303 seconds.
[2024-12-31 13:02:32,274] INFO 2024-12-31 13:02:32,274 logging_utils Calling UserInfoView.get
[2024-12-31 13:02:32,274] INFO 2024-12-31 13:02:32,274 views username: Phil405@gmail.com
[2024-12-31 13:02:32,274] INFO 2024-12-31 13:02:32,274 views email: Phil405@gmail.com
[2024-12-31 13:02:32,275] INFO 2024-12-31 13:02:32,275 logging_utils UserInfoView.get took 0.0010 seconds.
[2024-12-31 13:04:23,850] INFO 2024-12-31 13:04:23,850 logging_utils Calling LoginView.post
[2024-12-31 13:04:24,578] INFO 2024-12-31 13:04:24,578 logging_utils LoginView.post took 0.7264 seconds.
[2024-12-31 13:04:24,598] INFO 2024-12-31 13:04:24,598 logging_utils Calling UserInfoView.get
[2024-12-31 13:04:24,599] INFO 2024-12-31 13:04:24,599 logging_utils UserInfoView.get took 0.0010 seconds.
[2024-12-31 13:04:35,148] INFO 2024-12-31 13:04:35,148 logging_utils Calling FileUploadView.post
[2024-12-31 13:04:35,162] INFO 2024-12-31 13:04:35,162 logging_utils FileUploadView.post took 0.0143 seconds.
[2024-12-31 13:04:36,109] INFO 2024-12-31 13:04:36,109 logging_utils Calling UserInfoView.get
[2024-12-31 13:04:36,110] INFO 2024-12-31 13:04:36,110 logging_utils UserInfoView.get took 0.0010 seconds.
[2024-12-31 13:04:36,119] INFO 2024-12-31 13:04:36,119 logging_utils Calling FileUploadView.put
[2024-12-31 13:04:36,120] INFO 2024-12-31 13:04:36,120 logging_utils Calling process_this
[2024-12-31 13:04:36,130] INFO 2024-12-31 13:04:36,130 logging_utils process_this took 0.0095 seconds.
[2024-12-31 13:04:36,131] INFO 2024-12-31 13:04:36,131 logging_utils FileUploadView.put took 0.0115 seconds.
[2024-12-31 13:04:37,064] INFO 2024-12-31 13:04:37,064 logging_utils Calling FileUploadView.get
[2024-12-31 13:04:37,137] INFO 2024-12-31 13:04:37,137 logging_utils FileUploadView.get took 0.0725 seconds.
[2024-12-31 13:09:42,828] INFO 2024-12-31 13:09:42,828 logging_utils Calling FileUploadView.post
[2024-12-31 13:09:42,837] INFO 2024-12-31 13:09:42,837 logging_utils FileUploadView.post took 0.0091 seconds.
[2024-12-31 13:09:44,884] INFO 2024-12-31 13:09:44,884 logging_utils Calling UserInfoView.get
[2024-12-31 13:09:44,884] INFO 2024-12-31 13:09:44,884 logging_utils UserInfoView.get took 0.0000 seconds.
[2024-12-31 13:09:44,893] INFO 2024-12-31 13:09:44,893 logging_utils Calling FileUploadView.put
[2024-12-31 13:09:44,895] INFO 2024-12-31 13:09:44,895 logging_utils Calling process_this
[2024-12-31 13:09:44,902] INFO 2024-12-31 13:09:44,902 logging_utils process_this took 0.0072 seconds.
[2024-12-31 13:09:44,903] INFO 2024-12-31 13:09:44,903 logging_utils FileUploadView.put took 0.0102 seconds.
[2024-12-31 13:09:46,012] INFO 2024-12-31 13:09:46,012 logging_utils Calling FileUploadView.get
[2024-12-31 13:09:46,015] INFO 2024-12-31 13:09:46,015 logging_utils FileUploadView.get took 0.0030 seconds.
[2024-12-31 13:10:10,883] INFO 2024-12-31 13:10:10,883 logging_utils Calling LoginView.post
[2024-12-31 13:10:11,455] INFO 2024-12-31 13:10:11,455 logging_utils LoginView.post took 0.5718 seconds.
[2024-12-31 13:10:11,475] INFO 2024-12-31 13:10:11,475 logging_utils Calling UserInfoView.get
[2024-12-31 13:10:11,476] INFO 2024-12-31 13:10:11,476 logging_utils UserInfoView.get took 0.0010 seconds.
[2024-12-31 13:10:16,737] INFO 2024-12-31 13:10:16,737 logging_utils Calling FileUploadView.post
[2024-12-31 13:10:16,750] INFO 2024-12-31 13:10:16,750 logging_utils FileUploadView.post took 0.0128 seconds.
[2024-12-31 13:10:17,254] INFO 2024-12-31 13:10:17,254 logging_utils Calling UserInfoView.get
[2024-12-31 13:10:17,255] INFO 2024-12-31 13:10:17,255 logging_utils UserInfoView.get took 0.0010 seconds.
[2024-12-31 13:10:17,261] INFO 2024-12-31 13:10:17,261 logging_utils Calling FileUploadView.put
[2024-12-31 13:10:17,263] INFO 2024-12-31 13:10:17,263 logging_utils Calling process_this
[2024-12-31 13:10:17,269] INFO 2024-12-31 13:10:17,269 logging_utils process_this took 0.0060 seconds.
[2024-12-31 13:10:17,270] INFO 2024-12-31 13:10:17,270 logging_utils FileUploadView.put took 0.0092 seconds.
[2024-12-31 13:10:17,863] INFO 2024-12-31 13:10:17,863 logging_utils Calling FileUploadView.get
[2024-12-31 13:10:17,865] INFO 2024-12-31 13:10:17,865 logging_utils FileUploadView.get took 0.0019 seconds.
[2024-12-31 13:18:12,554] INFO 2024-12-31 13:18:12,554 logging_utils Calling FileUploadView.post
[2024-12-31 13:18:12,579] INFO 2024-12-31 13:18:12,579 logging_utils FileUploadView.post took 0.0249 seconds.
[2024-12-31 13:18:13,408] INFO 2024-12-31 13:18:13,408 logging_utils Calling UserInfoView.get
[2024-12-31 13:18:13,409] INFO 2024-12-31 13:18:13,409 logging_utils UserInfoView.get took 0.0000 seconds.
[2024-12-31 13:18:13,420] INFO 2024-12-31 13:18:13,420 logging_utils Calling FileUploadView.put
[2024-12-31 13:18:13,422] INFO 2024-12-31 13:18:13,422 logging_utils Calling process_this
[2024-12-31 13:18:13,432] INFO 2024-12-31 13:18:13,432 logging_utils process_this took 0.0103 seconds.
[2024-12-31 13:18:13,433] INFO 2024-12-31 13:18:13,433 logging_utils FileUploadView.put took 0.0134 seconds.
[2024-12-31 13:18:14,834] INFO 2024-12-31 13:18:14,834 logging_utils Calling FileUploadView.get
[2024-12-31 13:18:14,838] INFO 2024-12-31 13:18:14,838 logging_utils FileUploadView.get took 0.0040 seconds.
[2024-12-31 13:30:09,768] INFO 2024-12-31 13:30:09,768 logging_utils Calling LoginView.post
[2024-12-31 13:30:10,368] INFO 2024-12-31 13:30:10,368 logging_utils LoginView.post took 0.5992 seconds.
[2024-12-31 13:30:10,388] INFO 2024-12-31 13:30:10,388 logging_utils Calling UserInfoView.get
[2024-12-31 13:30:10,389] INFO 2024-12-31 13:30:10,389 logging_utils UserInfoView.get took 0.0010 seconds.
[2024-12-31 13:31:17,129] INFO 2024-12-31 13:31:17,129 logging_utils Calling FileUploadView.post
[2024-12-31 13:31:17,137] INFO 2024-12-31 13:31:17,137 logging_utils FileUploadView.post took 0.0081 seconds.
[2024-12-31 13:31:56,438] INFO 2024-12-31 13:31:56,438 logging_utils Calling LoginView.post
[2024-12-31 13:31:57,127] INFO 2024-12-31 13:31:57,127 logging_utils LoginView.post took 0.6884 seconds.
[2024-12-31 13:31:57,144] INFO 2024-12-31 13:31:57,144 logging_utils Calling UserInfoView.get
[2024-12-31 13:31:57,145] INFO 2024-12-31 13:31:57,145 logging_utils UserInfoView.get took 0.0010 seconds.
